<?xml version="1.0" encoding="UTF-8"?>
<testsuite name="SILab2Test" tests="2" skipped="0" failures="0" errors="0" timestamp="2020-06-10T10:30:23" hostname="HOME-PC" time="0.101">
  <properties/>
  <testcase name="everyStatementTest()" classname="SILab2Test" time="0.094"/>
  <testcase name="multipleCondition()" classname="SILab2Test" time="0.003"/>
  <system-out><![CDATA[]]></system-out>
  <system-err><![CDATA[]]></system-err>
</testsuite>
